<?xml version="1.0" encoding="UTF-8"?>
<testsuite xmlns:xsi="http://www.w3.org/2001/XMLSchema-instance" xsi:noNamespaceSchemaLocation="https://maven.apache.org/surefire/maven-surefire-plugin/xsd/surefire-test-report.xsd" name="test.org.springdoc.api.app29.SpringDocApp29Test" time="0.339" tests="1" errors="0" skipped="0" failures="0">
  <properties>
    <property name="gopherProxySet" value="false"/>
    <property name="awt.toolkit" value="sun.lwawt.macosx.LWCToolkit"/>
    <property name="file.encoding.pkg" value="sun.io"/>
    <property name="java.specification.version" value="1.8"/>
    <property name="sun.cpu.isalist" value=""/>
    <property name="sun.jnu.encoding" value="UTF-8"/>
    <property name="java.class.path" value="/Users/bnasslah/Documents/workspace/springdoc-openapi/springdoc-openapi-javadoc/target/test-classes:/Users/bnasslah/Documents/workspace/springdoc-openapi/springdoc-openapi-javadoc/target/classes:/Users/bnasslah/Documents/workspace/springdoc-openapi/springdoc-openapi-common/target/classes:/Users/bnasslah/Documents/tools/repo/org/springframework/boot/spring-boot-autoconfigure/2.5.5/spring-boot-autoconfigure-2.5.5.jar:/Users/bnasslah/Documents/tools/repo/org/springframework/boot/spring-boot/2.5.5/spring-boot-2.5.5.jar:/Users/bnasslah/Documents/tools/repo/org/springframework/spring-web/5.3.10/spring-web-5.3.10.jar:/Users/bnasslah/Documents/tools/repo/org/springframework/spring-beans/5.3.10/spring-beans-5.3.10.jar:/Users/bnasslah/Documents/tools/repo/io/swagger/core/v3/swagger-models/2.1.11/swagger-models-2.1.11.jar:/Users/bnasslah/Documents/tools/repo/com/fasterxml/jackson/core/jackson-annotations/2.12.5/jackson-annotations-2.12.5.jar:/Users/bnasslah/Documents/tools/repo/io/swagger/core/v3/swagger-annotations/2.1.11/swagger-annotations-2.1.11.jar:/Users/bnasslah/Documents/tools/repo/io/swagger/core/v3/swagger-integration/2.1.11/swagger-integration-2.1.11.jar:/Users/bnasslah/Documents/tools/repo/io/swagger/core/v3/swagger-core/2.1.11/swagger-core-2.1.11.jar:/Users/bnasslah/Documents/tools/repo/com/fasterxml/jackson/core/jackson-databind/2.12.5/jackson-databind-2.12.5.jar:/Users/bnasslah/Documents/tools/repo/com/fasterxml/jackson/core/jackson-core/2.12.5/jackson-core-2.12.5.jar:/Users/bnasslah/Documents/tools/repo/com/fasterxml/jackson/dataformat/jackson-dataformat-yaml/2.12.5/jackson-dataformat-yaml-2.12.5.jar:/Users/bnasslah/Documents/tools/repo/com/fasterxml/jackson/datatype/jackson-datatype-jsr310/2.12.5/jackson-datatype-jsr310-2.12.5.jar:/Users/bnasslah/Documents/tools/repo/io/github/classgraph/classgraph/4.8.116/classgraph-4.8.116.jar:/Users/bnasslah/Documents/tools/repo/org/apache/commons/commons-lang3/3.12.0/commons-lang3-3.12.0.jar:/Users/bnasslah/Documents/tools/repo/com/github/therapi/therapi-runtime-javadoc/0.12.0/therapi-runtime-javadoc-0.12.0.jar:/Users/bnasslah/Documents/tools/repo/com/github/therapi/therapi-runtime-javadoc-scribe/0.12.0/therapi-runtime-javadoc-scribe-0.12.0.jar:/Users/bnasslah/Documents/workspace/springdoc-openapi/springdoc-openapi-webmvc-core/target/classes:/Users/bnasslah/Documents/tools/repo/org/springframework/spring-webmvc/5.3.10/spring-webmvc-5.3.10.jar:/Users/bnasslah/Documents/tools/repo/org/springframework/spring-aop/5.3.10/spring-aop-5.3.10.jar:/Users/bnasslah/Documents/tools/repo/org/springframework/spring-context/5.3.10/spring-context-5.3.10.jar:/Users/bnasslah/Documents/tools/repo/org/springframework/spring-expression/5.3.10/spring-expression-5.3.10.jar:/Users/bnasslah/Documents/tools/repo/jakarta/servlet/jakarta.servlet-api/4.0.4/jakarta.servlet-api-4.0.4.jar:/Users/bnasslah/Documents/tools/repo/javax/money/money-api/1.1/money-api-1.1.jar:/Users/bnasslah/Documents/tools/repo/org/hibernate/validator/hibernate-validator/6.2.0.Final/hibernate-validator-6.2.0.Final.jar:/Users/bnasslah/Documents/tools/repo/jakarta/validation/jakarta.validation-api/2.0.2/jakarta.validation-api-2.0.2.jar:/Users/bnasslah/Documents/tools/repo/org/jboss/logging/jboss-logging/3.4.2.Final/jboss-logging-3.4.2.Final.jar:/Users/bnasslah/Documents/tools/repo/com/fasterxml/classmate/1.5.1/classmate-1.5.1.jar:/Users/bnasslah/Documents/tools/repo/org/springframework/boot/spring-boot-starter-test/2.5.5/spring-boot-starter-test-2.5.5.jar:/Users/bnasslah/Documents/tools/repo/org/springframework/boot/spring-boot-starter/2.5.5/spring-boot-starter-2.5.5.jar:/Users/bnasslah/Documents/tools/repo/org/springframework/boot/spring-boot-starter-logging/2.5.5/spring-boot-starter-logging-2.5.5.jar:/Users/bnasslah/Documents/tools/repo/ch/qos/logback/logback-classic/1.2.6/logback-classic-1.2.6.jar:/Users/bnasslah/Documents/tools/repo/ch/qos/logback/logback-core/1.2.6/logback-core-1.2.6.jar:/Users/bnasslah/Documents/tools/repo/org/apache/logging/log4j/log4j-to-slf4j/2.14.1/log4j-to-slf4j-2.14.1.jar:/Users/bnasslah/Documents/tools/repo/org/apache/logging/log4j/log4j-api/2.14.1/log4j-api-2.14.1.jar:/Users/bnasslah/Documents/tools/repo/org/slf4j/jul-to-slf4j/1.7.32/jul-to-slf4j-1.7.32.jar:/Users/bnasslah/Documents/tools/repo/jakarta/annotation/jakarta.annotation-api/1.3.5/jakarta.annotation-api-1.3.5.jar:/Users/bnasslah/Documents/tools/repo/org/yaml/snakeyaml/1.28/snakeyaml-1.28.jar:/Users/bnasslah/Documents/tools/repo/org/springframework/boot/spring-boot-test/2.5.5/spring-boot-test-2.5.5.jar:/Users/bnasslah/Documents/tools/repo/org/springframework/boot/spring-boot-test-autoconfigure/2.5.5/spring-boot-test-autoconfigure-2.5.5.jar:/Users/bnasslah/Documents/tools/repo/com/jayway/jsonpath/json-path/2.5.0/json-path-2.5.0.jar:/Users/bnasslah/Documents/tools/repo/net/minidev/json-smart/2.4.7/json-smart-2.4.7.jar:/Users/bnasslah/Documents/tools/repo/net/minidev/accessors-smart/2.4.7/accessors-smart-2.4.7.jar:/Users/bnasslah/Documents/tools/repo/org/ow2/asm/asm/9.1/asm-9.1.jar:/Users/bnasslah/Documents/tools/repo/org/slf4j/slf4j-api/1.7.32/slf4j-api-1.7.32.jar:/Users/bnasslah/Documents/tools/repo/jakarta/xml/bind/jakarta.xml.bind-api/2.3.3/jakarta.xml.bind-api-2.3.3.jar:/Users/bnasslah/Documents/tools/repo/jakarta/activation/jakarta.activation-api/1.2.2/jakarta.activation-api-1.2.2.jar:/Users/bnasslah/Documents/tools/repo/org/assertj/assertj-core/3.19.0/assertj-core-3.19.0.jar:/Users/bnasslah/Documents/tools/repo/org/hamcrest/hamcrest/2.2/hamcrest-2.2.jar:/Users/bnasslah/Documents/tools/repo/org/junit/jupiter/junit-jupiter/5.7.2/junit-jupiter-5.7.2.jar:/Users/bnasslah/Documents/tools/repo/org/junit/jupiter/junit-jupiter-api/5.7.2/junit-jupiter-api-5.7.2.jar:/Users/bnasslah/Documents/tools/repo/org/apiguardian/apiguardian-api/1.1.0/apiguardian-api-1.1.0.jar:/Users/bnasslah/Documents/tools/repo/org/opentest4j/opentest4j/1.2.0/opentest4j-1.2.0.jar:/Users/bnasslah/Documents/tools/repo/org/junit/platform/junit-platform-commons/1.7.2/junit-platform-commons-1.7.2.jar:/Users/bnasslah/Documents/tools/repo/org/junit/jupiter/junit-jupiter-params/5.7.2/junit-jupiter-params-5.7.2.jar:/Users/bnasslah/Documents/tools/repo/org/junit/jupiter/junit-jupiter-engine/5.7.2/junit-jupiter-engine-5.7.2.jar:/Users/bnasslah/Documents/tools/repo/org/junit/platform/junit-platform-engine/1.7.2/junit-platform-engine-1.7.2.jar:/Users/bnasslah/Documents/tools/repo/org/mockito/mockito-core/3.9.0/mockito-core-3.9.0.jar:/Users/bnasslah/Documents/tools/repo/net/bytebuddy/byte-buddy/1.10.22/byte-buddy-1.10.22.jar:/Users/bnasslah/Documents/tools/repo/net/bytebuddy/byte-buddy-agent/1.10.22/byte-buddy-agent-1.10.22.jar:/Users/bnasslah/Documents/tools/repo/org/objenesis/objenesis/3.2/objenesis-3.2.jar:/Users/bnasslah/Documents/tools/repo/org/mockito/mockito-junit-jupiter/3.9.0/mockito-junit-jupiter-3.9.0.jar:/Users/bnasslah/Documents/tools/repo/org/skyscreamer/jsonassert/1.5.0/jsonassert-1.5.0.jar:/Users/bnasslah/Documents/tools/repo/com/vaadin/external/google/android-json/0.0.20131108.vaadin1/android-json-0.0.20131108.vaadin1.jar:/Users/bnasslah/Documents/tools/repo/org/springframework/spring-core/5.3.10/spring-core-5.3.10.jar:/Users/bnasslah/Documents/tools/repo/org/springframework/spring-jcl/5.3.10/spring-jcl-5.3.10.jar:/Users/bnasslah/Documents/tools/repo/org/springframework/spring-test/5.3.10/spring-test-5.3.10.jar:/Users/bnasslah/Documents/tools/repo/org/xmlunit/xmlunit-core/2.8.2/xmlunit-core-2.8.2.jar:"/>
    <property name="java.vm.vendor" value="AdoptOpenJDK"/>
    <property name="sun.arch.data.model" value="64"/>
    <property name="java.vendor.url" value="https://adoptopenjdk.net/"/>
    <property name="user.timezone" value=""/>
    <property name="java.vm.specification.version" value="1.8"/>
    <property name="os.name" value="Mac OS X"/>
    <property name="user.country" value="FR"/>
    <property name="sun.java.launcher" value="SUN_STANDARD"/>
    <property name="sun.boot.library.path" value="/Users/bnasslah/.sdkman/candidates/java/8.0.275.hs-adpt/jre/lib"/>
    <property name="sun.java.command" value="/Users/bnasslah/Documents/workspace/springdoc-openapi/springdoc-openapi-javadoc/target/surefire/surefirebooter2633525971562692443.jar /Users/bnasslah/Documents/workspace/springdoc-openapi/springdoc-openapi-javadoc/target/surefire 2021-11-07T20-48-26_016-jvmRun1 surefire8194311483419890437tmp surefire_108365868017696932664tmp"/>
    <property name="surefire.test.class.path" value="/Users/bnasslah/Documents/workspace/springdoc-openapi/springdoc-openapi-javadoc/target/test-classes:/Users/bnasslah/Documents/workspace/springdoc-openapi/springdoc-openapi-javadoc/target/classes:/Users/bnasslah/Documents/workspace/springdoc-openapi/springdoc-openapi-common/target/classes:/Users/bnasslah/Documents/tools/repo/org/springframework/boot/spring-boot-autoconfigure/2.5.5/spring-boot-autoconfigure-2.5.5.jar:/Users/bnasslah/Documents/tools/repo/org/springframework/boot/spring-boot/2.5.5/spring-boot-2.5.5.jar:/Users/bnasslah/Documents/tools/repo/org/springframework/spring-web/5.3.10/spring-web-5.3.10.jar:/Users/bnasslah/Documents/tools/repo/org/springframework/spring-beans/5.3.10/spring-beans-5.3.10.jar:/Users/bnasslah/Documents/tools/repo/io/swagger/core/v3/swagger-models/2.1.11/swagger-models-2.1.11.jar:/Users/bnasslah/Documents/tools/repo/com/fasterxml/jackson/core/jackson-annotations/2.12.5/jackson-annotations-2.12.5.jar:/Users/bnasslah/Documents/tools/repo/io/swagger/core/v3/swagger-annotations/2.1.11/swagger-annotations-2.1.11.jar:/Users/bnasslah/Documents/tools/repo/io/swagger/core/v3/swagger-integration/2.1.11/swagger-integration-2.1.11.jar:/Users/bnasslah/Documents/tools/repo/io/swagger/core/v3/swagger-core/2.1.11/swagger-core-2.1.11.jar:/Users/bnasslah/Documents/tools/repo/com/fasterxml/jackson/core/jackson-databind/2.12.5/jackson-databind-2.12.5.jar:/Users/bnasslah/Documents/tools/repo/com/fasterxml/jackson/core/jackson-core/2.12.5/jackson-core-2.12.5.jar:/Users/bnasslah/Documents/tools/repo/com/fasterxml/jackson/dataformat/jackson-dataformat-yaml/2.12.5/jackson-dataformat-yaml-2.12.5.jar:/Users/bnasslah/Documents/tools/repo/com/fasterxml/jackson/datatype/jackson-datatype-jsr310/2.12.5/jackson-datatype-jsr310-2.12.5.jar:/Users/bnasslah/Documents/tools/repo/io/github/classgraph/classgraph/4.8.116/classgraph-4.8.116.jar:/Users/bnasslah/Documents/tools/repo/org/apache/commons/commons-lang3/3.12.0/commons-lang3-3.12.0.jar:/Users/bnasslah/Documents/tools/repo/com/github/therapi/therapi-runtime-javadoc/0.12.0/therapi-runtime-javadoc-0.12.0.jar:/Users/bnasslah/Documents/tools/repo/com/github/therapi/therapi-runtime-javadoc-scribe/0.12.0/therapi-runtime-javadoc-scribe-0.12.0.jar:/Users/bnasslah/Documents/workspace/springdoc-openapi/springdoc-openapi-webmvc-core/target/classes:/Users/bnasslah/Documents/tools/repo/org/springframework/spring-webmvc/5.3.10/spring-webmvc-5.3.10.jar:/Users/bnasslah/Documents/tools/repo/org/springframework/spring-aop/5.3.10/spring-aop-5.3.10.jar:/Users/bnasslah/Documents/tools/repo/org/springframework/spring-context/5.3.10/spring-context-5.3.10.jar:/Users/bnasslah/Documents/tools/repo/org/springframework/spring-expression/5.3.10/spring-expression-5.3.10.jar:/Users/bnasslah/Documents/tools/repo/jakarta/servlet/jakarta.servlet-api/4.0.4/jakarta.servlet-api-4.0.4.jar:/Users/bnasslah/Documents/tools/repo/javax/money/money-api/1.1/money-api-1.1.jar:/Users/bnasslah/Documents/tools/repo/org/hibernate/validator/hibernate-validator/6.2.0.Final/hibernate-validator-6.2.0.Final.jar:/Users/bnasslah/Documents/tools/repo/jakarta/validation/jakarta.validation-api/2.0.2/jakarta.validation-api-2.0.2.jar:/Users/bnasslah/Documents/tools/repo/org/jboss/logging/jboss-logging/3.4.2.Final/jboss-logging-3.4.2.Final.jar:/Users/bnasslah/Documents/tools/repo/com/fasterxml/classmate/1.5.1/classmate-1.5.1.jar:/Users/bnasslah/Documents/tools/repo/org/springframework/boot/spring-boot-starter-test/2.5.5/spring-boot-starter-test-2.5.5.jar:/Users/bnasslah/Documents/tools/repo/org/springframework/boot/spring-boot-starter/2.5.5/spring-boot-starter-2.5.5.jar:/Users/bnasslah/Documents/tools/repo/org/springframework/boot/spring-boot-starter-logging/2.5.5/spring-boot-starter-logging-2.5.5.jar:/Users/bnasslah/Documents/tools/repo/ch/qos/logback/logback-classic/1.2.6/logback-classic-1.2.6.jar:/Users/bnasslah/Documents/tools/repo/ch/qos/logback/logback-core/1.2.6/logback-core-1.2.6.jar:/Users/bnasslah/Documents/tools/repo/org/apache/logging/log4j/log4j-to-slf4j/2.14.1/log4j-to-slf4j-2.14.1.jar:/Users/bnasslah/Documents/tools/repo/org/apache/logging/log4j/log4j-api/2.14.1/log4j-api-2.14.1.jar:/Users/bnasslah/Documents/tools/repo/org/slf4j/jul-to-slf4j/1.7.32/jul-to-slf4j-1.7.32.jar:/Users/bnasslah/Documents/tools/repo/jakarta/annotation/jakarta.annotation-api/1.3.5/jakarta.annotation-api-1.3.5.jar:/Users/bnasslah/Documents/tools/repo/org/yaml/snakeyaml/1.28/snakeyaml-1.28.jar:/Users/bnasslah/Documents/tools/repo/org/springframework/boot/spring-boot-test/2.5.5/spring-boot-test-2.5.5.jar:/Users/bnasslah/Documents/tools/repo/org/springframework/boot/spring-boot-test-autoconfigure/2.5.5/spring-boot-test-autoconfigure-2.5.5.jar:/Users/bnasslah/Documents/tools/repo/com/jayway/jsonpath/json-path/2.5.0/json-path-2.5.0.jar:/Users/bnasslah/Documents/tools/repo/net/minidev/json-smart/2.4.7/json-smart-2.4.7.jar:/Users/bnasslah/Documents/tools/repo/net/minidev/accessors-smart/2.4.7/accessors-smart-2.4.7.jar:/Users/bnasslah/Documents/tools/repo/org/ow2/asm/asm/9.1/asm-9.1.jar:/Users/bnasslah/Documents/tools/repo/org/slf4j/slf4j-api/1.7.32/slf4j-api-1.7.32.jar:/Users/bnasslah/Documents/tools/repo/jakarta/xml/bind/jakarta.xml.bind-api/2.3.3/jakarta.xml.bind-api-2.3.3.jar:/Users/bnasslah/Documents/tools/repo/jakarta/activation/jakarta.activation-api/1.2.2/jakarta.activation-api-1.2.2.jar:/Users/bnasslah/Documents/tools/repo/org/assertj/assertj-core/3.19.0/assertj-core-3.19.0.jar:/Users/bnasslah/Documents/tools/repo/org/hamcrest/hamcrest/2.2/hamcrest-2.2.jar:/Users/bnasslah/Documents/tools/repo/org/junit/jupiter/junit-jupiter/5.7.2/junit-jupiter-5.7.2.jar:/Users/bnasslah/Documents/tools/repo/org/junit/jupiter/junit-jupiter-api/5.7.2/junit-jupiter-api-5.7.2.jar:/Users/bnasslah/Documents/tools/repo/org/apiguardian/apiguardian-api/1.1.0/apiguardian-api-1.1.0.jar:/Users/bnasslah/Documents/tools/repo/org/opentest4j/opentest4j/1.2.0/opentest4j-1.2.0.jar:/Users/bnasslah/Documents/tools/repo/org/junit/platform/junit-platform-commons/1.7.2/junit-platform-commons-1.7.2.jar:/Users/bnasslah/Documents/tools/repo/org/junit/jupiter/junit-jupiter-params/5.7.2/junit-jupiter-params-5.7.2.jar:/Users/bnasslah/Documents/tools/repo/org/junit/jupiter/junit-jupiter-engine/5.7.2/junit-jupiter-engine-5.7.2.jar:/Users/bnasslah/Documents/tools/repo/org/junit/platform/junit-platform-engine/1.7.2/junit-platform-engine-1.7.2.jar:/Users/bnasslah/Documents/tools/repo/org/mockito/mockito-core/3.9.0/mockito-core-3.9.0.jar:/Users/bnasslah/Documents/tools/repo/net/bytebuddy/byte-buddy/1.10.22/byte-buddy-1.10.22.jar:/Users/bnasslah/Documents/tools/repo/net/bytebuddy/byte-buddy-agent/1.10.22/byte-buddy-agent-1.10.22.jar:/Users/bnasslah/Documents/tools/repo/org/objenesis/objenesis/3.2/objenesis-3.2.jar:/Users/bnasslah/Documents/tools/repo/org/mockito/mockito-junit-jupiter/3.9.0/mockito-junit-jupiter-3.9.0.jar:/Users/bnasslah/Documents/tools/repo/org/skyscreamer/jsonassert/1.5.0/jsonassert-1.5.0.jar:/Users/bnasslah/Documents/tools/repo/com/vaadin/external/google/android-json/0.0.20131108.vaadin1/android-json-0.0.20131108.vaadin1.jar:/Users/bnasslah/Documents/tools/repo/org/springframework/spring-core/5.3.10/spring-core-5.3.10.jar:/Users/bnasslah/Documents/tools/repo/org/springframework/spring-jcl/5.3.10/spring-jcl-5.3.10.jar:/Users/bnasslah/Documents/tools/repo/org/springframework/spring-test/5.3.10/spring-test-5.3.10.jar:/Users/bnasslah/Documents/tools/repo/org/xmlunit/xmlunit-core/2.8.2/xmlunit-core-2.8.2.jar:"/>
    <property name="sun.cpu.endian" value="little"/>
    <property name="user.home" value="/Users/bnasslah"/>
    <property name="user.language" value="fr"/>
    <property name="java.specification.vendor" value="Oracle Corporation"/>
    <property name="java.home" value="/Users/bnasslah/.sdkman/candidates/java/8.0.275.hs-adpt/jre"/>
    <property name="basedir" value="/Users/bnasslah/Documents/workspace/springdoc-openapi/springdoc-openapi-javadoc"/>
    <property name="file.separator" value="/"/>
    <property name="line.separator" value="&#10;"/>
    <property name="java.vm.specification.vendor" value="Oracle Corporation"/>
    <property name="java.specification.name" value="Java Platform API Specification"/>
    <property name="java.awt.graphicsenv" value="sun.awt.CGraphicsEnvironment"/>
    <property name="surefire.real.class.path" value="/Users/bnasslah/Documents/workspace/springdoc-openapi/springdoc-openapi-javadoc/target/surefire/surefirebooter2633525971562692443.jar"/>
    <property name="sun.boot.class.path" value="/Users/bnasslah/.sdkman/candidates/java/8.0.275.hs-adpt/jre/lib/resources.jar:/Users/bnasslah/.sdkman/candidates/java/8.0.275.hs-adpt/jre/lib/rt.jar:/Users/bnasslah/.sdkman/candidates/java/8.0.275.hs-adpt/jre/lib/sunrsasign.jar:/Users/bnasslah/.sdkman/candidates/java/8.0.275.hs-adpt/jre/lib/jsse.jar:/Users/bnasslah/.sdkman/candidates/java/8.0.275.hs-adpt/jre/lib/jce.jar:/Users/bnasslah/.sdkman/candidates/java/8.0.275.hs-adpt/jre/lib/charsets.jar:/Users/bnasslah/.sdkman/candidates/java/8.0.275.hs-adpt/jre/lib/jfr.jar:/Users/bnasslah/.sdkman/candidates/java/8.0.275.hs-adpt/jre/classes"/>
    <property name="sun.management.compiler" value="HotSpot 64-Bit Tiered Compilers"/>
    <property name="java.runtime.version" value="1.8.0_275-b01"/>
    <property name="user.name" value="bnasslah"/>
    <property name="path.separator" value=":"/>
    <property name="os.version" value="10.16"/>
    <property name="java.endorsed.dirs" value="/Users/bnasslah/.sdkman/candidates/java/8.0.275.hs-adpt/jre/lib/endorsed"/>
    <property name="java.runtime.name" value="OpenJDK Runtime Environment"/>
    <property name="file.encoding" value="UTF-8"/>
    <property name="java.vm.name" value="OpenJDK 64-Bit Server VM"/>
    <property name="localRepository" value="/Users/bnasslah/Documents/tools/repo"/>
    <property name="java.vendor.url.bug" value="https://github.com/AdoptOpenJDK/openjdk-support/issues"/>
    <property name="java.io.tmpdir" value="/var/folders/cf/pqjm1yh13rv5dqd5v_qp9s8r0000gn/T/"/>
    <property name="java.version" value="1.8.0_275"/>
    <property name="user.dir" value="/Users/bnasslah/Documents/workspace/springdoc-openapi/springdoc-openapi-javadoc"/>
    <property name="os.arch" value="x86_64"/>
    <property name="java.vm.specification.name" value="Java Virtual Machine Specification"/>
    <property name="java.awt.printerjob" value="sun.lwawt.macosx.CPrinterJob"/>
    <property name="sun.os.patch.level" value="unknown"/>
    <property name="java.library.path" value="/Users/bnasslah/Library/Java/Extensions:/Library/Java/Extensions:/Network/Library/Java/Extensions:/System/Library/Java/Extensions:/usr/lib/java:."/>
    <property name="java.vm.info" value="mixed mode"/>
    <property name="java.vendor" value="AdoptOpenJDK"/>
    <property name="java.vm.version" value="25.275-b01"/>
    <property name="java.ext.dirs" value="/Users/bnasslah/Library/Java/Extensions:/Users/bnasslah/.sdkman/candidates/java/8.0.275.hs-adpt/jre/lib/ext:/Library/Java/Extensions:/Network/Library/Java/Extensions:/System/Library/Java/Extensions:/usr/lib/java"/>
    <property name="sun.io.unicode.encoding" value="UnicodeBig"/>
    <property name="java.class.version" value="52.0"/>
  </properties>
  <testcase name="testApp" classname="test.org.springdoc.api.app29.SpringDocApp29Test" time="0.083"/>
</testsuite>