<?xml version="1.0" encoding="UTF-8"?>
<testsuite xmlns:xsi="http://www.w3.org/2001/XMLSchema-instance" xsi:noNamespaceSchemaLocation="https://maven.apache.org/surefire/maven-surefire-plugin/xsd/surefire-test-report.xsd" name="test.org.springdoc.api.app1.SpringDocApp1Test" time="4.257" tests="1" errors="0" skipped="0" failures="0">
  <properties>
    <property name="sun.desktop" value="windows"/>
    <property name="awt.toolkit" value="sun.awt.windows.WToolkit"/>
    <property name="file.encoding.pkg" value="sun.io"/>
    <property name="java.specification.version" value="1.8"/>
    <property name="sun.cpu.isalist" value="amd64"/>
    <property name="sun.jnu.encoding" value="Cp1252"/>
    <property name="java.class.path" value="C:\partage\workspaces\workspace-ddd\spring-doc-review\springdoc-openapi\springdoc-openapi-groovy\target\test-classes;C:\partage\workspaces\workspace-ddd\spring-doc-review\springdoc-openapi\springdoc-openapi-groovy\target\classes;C:\partage\workspaces\workspace-ddd\spring-doc-review\springdoc-openapi\springdoc-openapi-common\target\classes;C:\partage\repo\org\springframework\boot\spring-boot-autoconfigure\2.2.6.RELEASE\spring-boot-autoconfigure-2.2.6.RELEASE.jar;C:\partage\repo\org\springframework\boot\spring-boot\2.2.6.RELEASE\spring-boot-2.2.6.RELEASE.jar;C:\partage\repo\org\springframework\spring-web\5.2.5.RELEASE\spring-web-5.2.5.RELEASE.jar;C:\partage\repo\org\springframework\spring-beans\5.2.5.RELEASE\spring-beans-5.2.5.RELEASE.jar;C:\partage\repo\io\swagger\core\v3\swagger-models\2.1.1\swagger-models-2.1.1.jar;C:\partage\repo\com\fasterxml\jackson\core\jackson-annotations\2.10.3\jackson-annotations-2.10.3.jar;C:\partage\repo\io\swagger\core\v3\swagger-annotations\2.1.1\swagger-annotations-2.1.1.jar;C:\partage\repo\io\swagger\core\v3\swagger-integration\2.1.1\swagger-integration-2.1.1.jar;C:\partage\repo\io\swagger\core\v3\swagger-core\2.1.1\swagger-core-2.1.1.jar;C:\partage\repo\javax\xml\bind\jaxb-api\2.3.1\jaxb-api-2.3.1.jar;C:\partage\repo\javax\activation\javax.activation-api\1.2.0\javax.activation-api-1.2.0.jar;C:\partage\repo\com\fasterxml\jackson\core\jackson-databind\2.10.3\jackson-databind-2.10.3.jar;C:\partage\repo\com\fasterxml\jackson\core\jackson-core\2.10.3\jackson-core-2.10.3.jar;C:\partage\repo\com\fasterxml\jackson\dataformat\jackson-dataformat-yaml\2.10.3\jackson-dataformat-yaml-2.10.3.jar;C:\partage\repo\com\fasterxml\jackson\datatype\jackson-datatype-jsr310\2.10.3\jackson-datatype-jsr310-2.10.3.jar;C:\partage\repo\javax\validation\validation-api\2.0.1.Final\validation-api-2.0.1.Final.jar;C:\partage\repo\io\github\classgraph\classgraph\4.8.44\classgraph-4.8.44.jar;C:\partage\repo\org\apache\commons\commons-lang3\3.9\commons-lang3-3.9.jar;C:\partage\repo\org\codehaus\groovy\groovy\2.5.10\groovy-2.5.10.jar;C:\partage\workspaces\workspace-ddd\spring-doc-review\springdoc-openapi\springdoc-openapi-webmvc-core\target\classes;C:\partage\repo\org\springframework\spring-webmvc\5.2.5.RELEASE\spring-webmvc-5.2.5.RELEASE.jar;C:\partage\repo\org\springframework\spring-aop\5.2.5.RELEASE\spring-aop-5.2.5.RELEASE.jar;C:\partage\repo\org\springframework\spring-context\5.2.5.RELEASE\spring-context-5.2.5.RELEASE.jar;C:\partage\repo\org\springframework\spring-expression\5.2.5.RELEASE\spring-expression-5.2.5.RELEASE.jar;C:\partage\repo\jakarta\servlet\jakarta.servlet-api\4.0.3\jakarta.servlet-api-4.0.3.jar;C:\partage\repo\org\springframework\boot\spring-boot-starter-test\2.2.6.RELEASE\spring-boot-starter-test-2.2.6.RELEASE.jar;C:\partage\repo\org\springframework\boot\spring-boot-starter\2.2.6.RELEASE\spring-boot-starter-2.2.6.RELEASE.jar;C:\partage\repo\org\springframework\boot\spring-boot-starter-logging\2.2.6.RELEASE\spring-boot-starter-logging-2.2.6.RELEASE.jar;C:\partage\repo\ch\qos\logback\logback-classic\1.2.3\logback-classic-1.2.3.jar;C:\partage\repo\ch\qos\logback\logback-core\1.2.3\logback-core-1.2.3.jar;C:\partage\repo\org\apache\logging\log4j\log4j-to-slf4j\2.12.1\log4j-to-slf4j-2.12.1.jar;C:\partage\repo\org\apache\logging\log4j\log4j-api\2.12.1\log4j-api-2.12.1.jar;C:\partage\repo\org\slf4j\jul-to-slf4j\1.7.30\jul-to-slf4j-1.7.30.jar;C:\partage\repo\jakarta\annotation\jakarta.annotation-api\1.3.5\jakarta.annotation-api-1.3.5.jar;C:\partage\repo\org\yaml\snakeyaml\1.25\snakeyaml-1.25.jar;C:\partage\repo\org\springframework\boot\spring-boot-test\2.2.6.RELEASE\spring-boot-test-2.2.6.RELEASE.jar;C:\partage\repo\org\springframework\boot\spring-boot-test-autoconfigure\2.2.6.RELEASE\spring-boot-test-autoconfigure-2.2.6.RELEASE.jar;C:\partage\repo\com\jayway\jsonpath\json-path\2.4.0\json-path-2.4.0.jar;C:\partage\repo\net\minidev\json-smart\2.3\json-smart-2.3.jar;C:\partage\repo\net\minidev\accessors-smart\1.2\accessors-smart-1.2.jar;C:\partage\repo\org\ow2\asm\asm\5.0.4\asm-5.0.4.jar;C:\partage\repo\org\slf4j\slf4j-api\1.7.30\slf4j-api-1.7.30.jar;C:\partage\repo\jakarta\xml\bind\jakarta.xml.bind-api\2.3.3\jakarta.xml.bind-api-2.3.3.jar;C:\partage\repo\jakarta\activation\jakarta.activation-api\1.2.2\jakarta.activation-api-1.2.2.jar;C:\partage\repo\org\junit\jupiter\junit-jupiter\5.5.2\junit-jupiter-5.5.2.jar;C:\partage\repo\org\junit\jupiter\junit-jupiter-api\5.5.2\junit-jupiter-api-5.5.2.jar;C:\partage\repo\org\apiguardian\apiguardian-api\1.1.0\apiguardian-api-1.1.0.jar;C:\partage\repo\org\opentest4j\opentest4j\1.2.0\opentest4j-1.2.0.jar;C:\partage\repo\org\junit\platform\junit-platform-commons\1.5.2\junit-platform-commons-1.5.2.jar;C:\partage\repo\org\junit\jupiter\junit-jupiter-params\5.5.2\junit-jupiter-params-5.5.2.jar;C:\partage\repo\org\junit\jupiter\junit-jupiter-engine\5.5.2\junit-jupiter-engine-5.5.2.jar;C:\partage\repo\org\junit\platform\junit-platform-engine\1.5.2\junit-platform-engine-1.5.2.jar;C:\partage\repo\org\mockito\mockito-junit-jupiter\3.1.0\mockito-junit-jupiter-3.1.0.jar;C:\partage\repo\org\assertj\assertj-core\3.13.2\assertj-core-3.13.2.jar;C:\partage\repo\org\hamcrest\hamcrest\2.1\hamcrest-2.1.jar;C:\partage\repo\org\mockito\mockito-core\3.1.0\mockito-core-3.1.0.jar;C:\partage\repo\net\bytebuddy\byte-buddy\1.10.8\byte-buddy-1.10.8.jar;C:\partage\repo\net\bytebuddy\byte-buddy-agent\1.10.8\byte-buddy-agent-1.10.8.jar;C:\partage\repo\org\objenesis\objenesis\2.6\objenesis-2.6.jar;C:\partage\repo\org\skyscreamer\jsonassert\1.5.0\jsonassert-1.5.0.jar;C:\partage\repo\com\vaadin\external\google\android-json\0.0.20131108.vaadin1\android-json-0.0.20131108.vaadin1.jar;C:\partage\repo\org\springframework\spring-core\5.2.5.RELEASE\spring-core-5.2.5.RELEASE.jar;C:\partage\repo\org\springframework\spring-jcl\5.2.5.RELEASE\spring-jcl-5.2.5.RELEASE.jar;C:\partage\repo\org\springframework\spring-test\5.2.5.RELEASE\spring-test-5.2.5.RELEASE.jar;C:\partage\repo\org\xmlunit\xmlunit-core\2.6.4\xmlunit-core-2.6.4.jar;"/>
    <property name="java.vm.vendor" value="Oracle Corporation"/>
    <property name="sun.arch.data.model" value="64"/>
    <property name="user.variant" value=""/>
    <property name="java.vendor.url" value="http://java.oracle.com/"/>
    <property name="user.timezone" value="Europe/Paris"/>
    <property name="java.vm.specification.version" value="1.8"/>
    <property name="os.name" value="Windows 10"/>
    <property name="user.country" value="FR"/>
    <property name="sun.java.launcher" value="SUN_STANDARD"/>
    <property name="sun.boot.library.path" value="C:\Program Files\Java\jdk1.8.0_201\jre\bin"/>
    <property name="sun.java.command" value="C:\Users\badrn\AppData\Local\Temp\surefire7208343433596597323\surefirebooter8326714594492426177.jar C:\Users\badrn\AppData\Local\Temp\surefire7208343433596597323 2020-04-05T15-25-38_729-jvmRun1 surefire1222391864020221533tmp surefire_73602991348150377585tmp"/>
    <property name="surefire.test.class.path" value="C:\partage\workspaces\workspace-ddd\spring-doc-review\springdoc-openapi\springdoc-openapi-groovy\target\test-classes;C:\partage\workspaces\workspace-ddd\spring-doc-review\springdoc-openapi\springdoc-openapi-groovy\target\classes;C:\partage\workspaces\workspace-ddd\spring-doc-review\springdoc-openapi\springdoc-openapi-common\target\classes;C:\partage\repo\org\springframework\boot\spring-boot-autoconfigure\2.2.6.RELEASE\spring-boot-autoconfigure-2.2.6.RELEASE.jar;C:\partage\repo\org\springframework\boot\spring-boot\2.2.6.RELEASE\spring-boot-2.2.6.RELEASE.jar;C:\partage\repo\org\springframework\spring-web\5.2.5.RELEASE\spring-web-5.2.5.RELEASE.jar;C:\partage\repo\org\springframework\spring-beans\5.2.5.RELEASE\spring-beans-5.2.5.RELEASE.jar;C:\partage\repo\io\swagger\core\v3\swagger-models\2.1.1\swagger-models-2.1.1.jar;C:\partage\repo\com\fasterxml\jackson\core\jackson-annotations\2.10.3\jackson-annotations-2.10.3.jar;C:\partage\repo\io\swagger\core\v3\swagger-annotations\2.1.1\swagger-annotations-2.1.1.jar;C:\partage\repo\io\swagger\core\v3\swagger-integration\2.1.1\swagger-integration-2.1.1.jar;C:\partage\repo\io\swagger\core\v3\swagger-core\2.1.1\swagger-core-2.1.1.jar;C:\partage\repo\javax\xml\bind\jaxb-api\2.3.1\jaxb-api-2.3.1.jar;C:\partage\repo\javax\activation\javax.activation-api\1.2.0\javax.activation-api-1.2.0.jar;C:\partage\repo\com\fasterxml\jackson\core\jackson-databind\2.10.3\jackson-databind-2.10.3.jar;C:\partage\repo\com\fasterxml\jackson\core\jackson-core\2.10.3\jackson-core-2.10.3.jar;C:\partage\repo\com\fasterxml\jackson\dataformat\jackson-dataformat-yaml\2.10.3\jackson-dataformat-yaml-2.10.3.jar;C:\partage\repo\com\fasterxml\jackson\datatype\jackson-datatype-jsr310\2.10.3\jackson-datatype-jsr310-2.10.3.jar;C:\partage\repo\javax\validation\validation-api\2.0.1.Final\validation-api-2.0.1.Final.jar;C:\partage\repo\io\github\classgraph\classgraph\4.8.44\classgraph-4.8.44.jar;C:\partage\repo\org\apache\commons\commons-lang3\3.9\commons-lang3-3.9.jar;C:\partage\repo\org\codehaus\groovy\groovy\2.5.10\groovy-2.5.10.jar;C:\partage\workspaces\workspace-ddd\spring-doc-review\springdoc-openapi\springdoc-openapi-webmvc-core\target\classes;C:\partage\repo\org\springframework\spring-webmvc\5.2.5.RELEASE\spring-webmvc-5.2.5.RELEASE.jar;C:\partage\repo\org\springframework\spring-aop\5.2.5.RELEASE\spring-aop-5.2.5.RELEASE.jar;C:\partage\repo\org\springframework\spring-context\5.2.5.RELEASE\spring-context-5.2.5.RELEASE.jar;C:\partage\repo\org\springframework\spring-expression\5.2.5.RELEASE\spring-expression-5.2.5.RELEASE.jar;C:\partage\repo\jakarta\servlet\jakarta.servlet-api\4.0.3\jakarta.servlet-api-4.0.3.jar;C:\partage\repo\org\springframework\boot\spring-boot-starter-test\2.2.6.RELEASE\spring-boot-starter-test-2.2.6.RELEASE.jar;C:\partage\repo\org\springframework\boot\spring-boot-starter\2.2.6.RELEASE\spring-boot-starter-2.2.6.RELEASE.jar;C:\partage\repo\org\springframework\boot\spring-boot-starter-logging\2.2.6.RELEASE\spring-boot-starter-logging-2.2.6.RELEASE.jar;C:\partage\repo\ch\qos\logback\logback-classic\1.2.3\logback-classic-1.2.3.jar;C:\partage\repo\ch\qos\logback\logback-core\1.2.3\logback-core-1.2.3.jar;C:\partage\repo\org\apache\logging\log4j\log4j-to-slf4j\2.12.1\log4j-to-slf4j-2.12.1.jar;C:\partage\repo\org\apache\logging\log4j\log4j-api\2.12.1\log4j-api-2.12.1.jar;C:\partage\repo\org\slf4j\jul-to-slf4j\1.7.30\jul-to-slf4j-1.7.30.jar;C:\partage\repo\jakarta\annotation\jakarta.annotation-api\1.3.5\jakarta.annotation-api-1.3.5.jar;C:\partage\repo\org\yaml\snakeyaml\1.25\snakeyaml-1.25.jar;C:\partage\repo\org\springframework\boot\spring-boot-test\2.2.6.RELEASE\spring-boot-test-2.2.6.RELEASE.jar;C:\partage\repo\org\springframework\boot\spring-boot-test-autoconfigure\2.2.6.RELEASE\spring-boot-test-autoconfigure-2.2.6.RELEASE.jar;C:\partage\repo\com\jayway\jsonpath\json-path\2.4.0\json-path-2.4.0.jar;C:\partage\repo\net\minidev\json-smart\2.3\json-smart-2.3.jar;C:\partage\repo\net\minidev\accessors-smart\1.2\accessors-smart-1.2.jar;C:\partage\repo\org\ow2\asm\asm\5.0.4\asm-5.0.4.jar;C:\partage\repo\org\slf4j\slf4j-api\1.7.30\slf4j-api-1.7.30.jar;C:\partage\repo\jakarta\xml\bind\jakarta.xml.bind-api\2.3.3\jakarta.xml.bind-api-2.3.3.jar;C:\partage\repo\jakarta\activation\jakarta.activation-api\1.2.2\jakarta.activation-api-1.2.2.jar;C:\partage\repo\org\junit\jupiter\junit-jupiter\5.5.2\junit-jupiter-5.5.2.jar;C:\partage\repo\org\junit\jupiter\junit-jupiter-api\5.5.2\junit-jupiter-api-5.5.2.jar;C:\partage\repo\org\apiguardian\apiguardian-api\1.1.0\apiguardian-api-1.1.0.jar;C:\partage\repo\org\opentest4j\opentest4j\1.2.0\opentest4j-1.2.0.jar;C:\partage\repo\org\junit\platform\junit-platform-commons\1.5.2\junit-platform-commons-1.5.2.jar;C:\partage\repo\org\junit\jupiter\junit-jupiter-params\5.5.2\junit-jupiter-params-5.5.2.jar;C:\partage\repo\org\junit\jupiter\junit-jupiter-engine\5.5.2\junit-jupiter-engine-5.5.2.jar;C:\partage\repo\org\junit\platform\junit-platform-engine\1.5.2\junit-platform-engine-1.5.2.jar;C:\partage\repo\org\mockito\mockito-junit-jupiter\3.1.0\mockito-junit-jupiter-3.1.0.jar;C:\partage\repo\org\assertj\assertj-core\3.13.2\assertj-core-3.13.2.jar;C:\partage\repo\org\hamcrest\hamcrest\2.1\hamcrest-2.1.jar;C:\partage\repo\org\mockito\mockito-core\3.1.0\mockito-core-3.1.0.jar;C:\partage\repo\net\bytebuddy\byte-buddy\1.10.8\byte-buddy-1.10.8.jar;C:\partage\repo\net\bytebuddy\byte-buddy-agent\1.10.8\byte-buddy-agent-1.10.8.jar;C:\partage\repo\org\objenesis\objenesis\2.6\objenesis-2.6.jar;C:\partage\repo\org\skyscreamer\jsonassert\1.5.0\jsonassert-1.5.0.jar;C:\partage\repo\com\vaadin\external\google\android-json\0.0.20131108.vaadin1\android-json-0.0.20131108.vaadin1.jar;C:\partage\repo\org\springframework\spring-core\5.2.5.RELEASE\spring-core-5.2.5.RELEASE.jar;C:\partage\repo\org\springframework\spring-jcl\5.2.5.RELEASE\spring-jcl-5.2.5.RELEASE.jar;C:\partage\repo\org\springframework\spring-test\5.2.5.RELEASE\spring-test-5.2.5.RELEASE.jar;C:\partage\repo\org\xmlunit\xmlunit-core\2.6.4\xmlunit-core-2.6.4.jar;"/>
    <property name="sun.cpu.endian" value="little"/>
    <property name="user.home" value="C:\Users\badrn"/>
    <property name="user.language" value="fr"/>
    <property name="java.specification.vendor" value="Oracle Corporation"/>
    <property name="java.home" value="C:\Program Files\Java\jdk1.8.0_201\jre"/>
    <property name="basedir" value="C:\partage\workspaces\workspace-ddd\spring-doc-review\springdoc-openapi\springdoc-openapi-groovy"/>
    <property name="file.separator" value="\"/>
    <property name="line.separator" value="&#10;"/>
    <property name="java.vm.specification.vendor" value="Oracle Corporation"/>
    <property name="java.specification.name" value="Java Platform API Specification"/>
    <property name="java.awt.graphicsenv" value="sun.awt.Win32GraphicsEnvironment"/>
    <property name="surefire.real.class.path" value="C:\Users\badrn\AppData\Local\Temp\surefire7208343433596597323\surefirebooter8326714594492426177.jar"/>
    <property name="sun.boot.class.path" value="C:\Program Files\Java\jdk1.8.0_201\jre\lib\resources.jar;C:\Program Files\Java\jdk1.8.0_201\jre\lib\rt.jar;C:\Program Files\Java\jdk1.8.0_201\jre\lib\sunrsasign.jar;C:\Program Files\Java\jdk1.8.0_201\jre\lib\jsse.jar;C:\Program Files\Java\jdk1.8.0_201\jre\lib\jce.jar;C:\Program Files\Java\jdk1.8.0_201\jre\lib\charsets.jar;C:\Program Files\Java\jdk1.8.0_201\jre\lib\jfr.jar;C:\Program Files\Java\jdk1.8.0_201\jre\classes"/>
    <property name="user.script" value=""/>
    <property name="sun.management.compiler" value="HotSpot 64-Bit Tiered Compilers"/>
    <property name="java.runtime.version" value="1.8.0_201-b09"/>
    <property name="user.name" value="badrn"/>
    <property name="path.separator" value=";"/>
    <property name="os.version" value="10.0"/>
    <property name="java.endorsed.dirs" value="C:\Program Files\Java\jdk1.8.0_201\jre\lib\endorsed"/>
    <property name="java.runtime.name" value="Java(TM) SE Runtime Environment"/>
    <property name="file.encoding" value="Cp1252"/>
    <property name="java.vm.name" value="Java HotSpot(TM) 64-Bit Server VM"/>
    <property name="localRepository" value="C:\partage\repo"/>
    <property name="java.vendor.url.bug" value="http://bugreport.sun.com/bugreport/"/>
    <property name="java.io.tmpdir" value="C:\Users\badrn\AppData\Local\Temp\"/>
    <property name="java.version" value="1.8.0_201"/>
    <property name="user.dir" value="C:\partage\workspaces\workspace-ddd\spring-doc-review\springdoc-openapi\springdoc-openapi-groovy"/>
    <property name="os.arch" value="amd64"/>
    <property name="java.vm.specification.name" value="Java Virtual Machine Specification"/>
    <property name="java.awt.printerjob" value="sun.awt.windows.WPrinterJob"/>
    <property name="sun.os.patch.level" value=""/>
    <property name="java.library.path" value="C:\Program Files\Java\jdk1.8.0_201\jre\bin;C:\WINDOWS\Sun\Java\bin;C:\WINDOWS\system32;C:\WINDOWS;C:\Users\badrn\bin;C:\Program Files\Git\mingw64\bin;C:\Program Files\Git\usr\local\bin;C:\Program Files\Git\usr\bin;C:\Program Files\Git\usr\bin;C:\Program Files\Git\mingw64\bin;C:\Program Files\Git\usr\bin;C:\Users\badrn\bin;C:\ProgramData\DockerDesktop\version-bin;C:\Program Files\Docker\Docker\Resources\bin;C:\Program Files (x86)\Common Files\Oracle\Java\javapath;C:\Windows\System32;C:\Windows;C:\Windows\System32\wbem;C:\Windows\System32\WindowsPowerShell\v1.0;C:\Program Files (x86)\HP\HP Performance Advisor;C:\Program Files\Java\jdk1.8.0_201\bin;C:\Program Files\maven\apache-maven-3.6.0\bin;C:\Program Files\Git\cmd;C:\Windows\System32\OpenSSH;C:\Program Files (x86)\Yarn\bin;C:\Program Files\nodejs;C:\Program Files\IBM\Cloud\bin;C:\Program Files\Cloud Foundry;C:\Program Files (x86)\GnuPG\bin;C:\Program Files\OpenVPN\bin;C:\Program Files\helm\windows-amd64;C:\Program Files\Intel\WiFi\bin;C:\Program Files\Common Files\Intel\WirelessCommon;C:\HashiCorp\Vagrant\bin;C:\Program Files\gradle\gradle-6.1.1\bin;C:\Program Files (x86)\Intel\Intel(R) Management Engine Components\DAL;C:\Program Files\Intel\Intel(R) Management Engine Components\DAL;C:\Ruby26-x64\bin;C:\Users\badrn\AppData\Local\Microsoft\WindowsApps;C:\Program Files (x86)\ffmpeg\bin;C:\Users\badrn\AppData\Local\Yarn\bin;C:\Users\badrn\AppData\Roaming\npm;C:\Users\badrn\AppData\Local\Microsoft\WindowsApps;C:\Program Files\BIND9.16.1.x64;C:\Program Files\Git\usr\bin\vendor_perl;C:\Program Files\Git\usr\bin\core_perl;."/>
    <property name="java.vm.info" value="mixed mode"/>
    <property name="java.vendor" value="Oracle Corporation"/>
    <property name="java.vm.version" value="25.201-b09"/>
    <property name="java.ext.dirs" value="C:\Program Files\Java\jdk1.8.0_201\jre\lib\ext;C:\WINDOWS\Sun\Java\lib\ext"/>
    <property name="sun.io.unicode.encoding" value="UnicodeLittle"/>
    <property name="java.class.version" value="52.0"/>
  </properties>
  <testcase name="testApp" classname="test.org.springdoc.api.app1.SpringDocApp1Test" time="0.714"/>
</testsuite>